<?xml version="1.0"?>
<!DOCTYPE database SYSTEM "http://db.apache.org/torque/dtd/database.dtd">

<database name="symmetric">

<!--  Test tables for version backwards compatibility -->
    <table name="sym_trigger_old">
        <column name="trigger_id" type="INTEGER" required="true" primaryKey="true"
            autoIncrement="true" />
        <column name="source_catalog_name" type="VARCHAR" size="50" />            
        <column name="source_schema_name" type="VARCHAR" size="50" />
        <column name="source_table_name" type="VARCHAR" size="50" required="true" />
        <column name="target_catalog_name" type="VARCHAR" size="50" />        
        <column name="target_schema_name" type="VARCHAR" size="50" />
        <column name="target_table_name" type="VARCHAR" size="50" />        
        <column name="source_node_group_id" type="VARCHAR" size="50" required="true" />
        <column name="target_node_group_id" type="VARCHAR" size="50" required="true" />
        <column name="channel_id" type="VARCHAR" size="50" required="true" />
        <column name="sync_on_update" type="BOOLEANINT" size="1" required="true" default="1" />
        <column name="sync_on_insert" type="BOOLEANINT" size="1" required="true" default="1" />
        <column name="sync_on_delete" type="BOOLEANINT" size="1" required="true" default="1" />
        <column name="sync_on_incoming_batch" type="BOOLEANINT" size="1" required="true" default="0" />
        <column name="sync_column_level" type="BOOLEANINT" size="1" required="true" default="0" />
        <column name="name_for_update_trigger" type="VARCHAR" size="50" />
        <column name="name_for_insert_trigger" type="VARCHAR" size="50" />
        <column name="name_for_delete_trigger" type="VARCHAR" size="50" />
        <column name="sync_on_update_condition" type="CLOB" />
        <column name="sync_on_insert_condition" type="CLOB" />
        <column name="sync_on_delete_condition" type="CLOB" />
        <column name="initial_load_select" type="CLOB" />
        <column name="node_select" type="CLOB" />
        <column name="tx_id_expression" type="VARCHAR" size="255" />
        <column name="excluded_column_names" type="CLOB" />
        <column name="initial_load_order" type="INTEGER" required="true" default="1" />
        <column name="create_time" type="TIMESTAMP" required="true" />
        <column name="inactive_time" type="TIMESTAMP" />
        <column name="last_updated_by" type="VARCHAR" size="50" />
        <column name="last_updated_time" type="TIMESTAMP" required="true" />
    </table>
   
        

</database>