<?xml version="1.0"?>
<!DOCTYPE database SYSTEM "http://db.apache.org/torque/dtd/database.dtd">

<database name="testdb">

    <table name="test_triggers_table">
        <column name="id" type="INTEGER" required="true" autoIncrement="true" primaryKey="true" />
        <column name="string_One_Value" type="VARCHAR" size="50"  />
        <column name="string_Two_Value" type="VARCHAR" size="1000" />
        <column name="long_String_Value" type="LONGVARCHAR" />
        <column name="time_Value" type="TIMESTAMP" />
        <column name="date_Value" type="DATE" />
        <column name="boolean_Value" type="BOOLEANINT" size="1" required="true" default="1" />        
        <column name="bigInt_Value" type="BIGINT" />
        <column name="decimal_Value" type="DECIMAL" />        
    </table>
    
    <table name="test_dataloader_table">
        <column name="string_value" type="VARCHAR" size="50" />
        <column name="string_required_value" type="VARCHAR" size="50" required="true" />
        <column name="char_value" type="CHAR" size="50" />
        <column name="char_required_value" type="CHAR" size="50" required="true" />
        <column name="date_value" type="DATE" />
        <column name="id" type="INTEGER" required="true" autoIncrement="true" primaryKey="true" />        
        <column name="time_value" type="TIMESTAMP" />
        <column name="boolean_value" type="BOOLEANCHAR" size="1" />        
        <column name="integer_value" type="INTEGER" />
        <column name="decimal_value" type="DECIMAL" size="10,2" />        
    </table>

    <table name="test_order_header">
        <column name="order_id" type="VARCHAR" size="50" primaryKey="true" required="true" />
        <column name="customer_id" type="INTEGER" required="true" />
        <column name="status" type="CHAR" size="1" />
        <column name="deliver_date" type="DATE" />
    </table>

    <table name="test_order_detail">
        <column name="order_id" type="VARCHAR" size="50" primaryKey="true" required="true" />
        <column name="line_number" type="INTEGER" required="true" primaryKey="true" />
        <column name="item_type" type="CHAR" size="5" required="true" />
        <column name="item_id" type="VARCHAR" size="20" required="true" />
        <column name="quantity" type="INTEGER" />
        <column name="price" type="DECIMAL" size="10,2" />        
    </table>

    <table name="test_customer">
        <column name="customer_id" type="INTEGER" primaryKey="true" required="true" />
        <column name="name" type="VARCHAR" size="50" required="true" />
        <column name="is_active" type="BOOLEANCHAR" size="1" />
        <column name="status" type="VARCHAR" size="20" />
        <column name="address" type="VARCHAR" size="50" required="true" />
        <column name="city" type="VARCHAR" size="50" required="true" />    
        <column name="state" type="VARCHAR" size="50" required="true" />    
        <column name="zip" type="INTEGER" />
        <column name="entry_time" type="TIMESTAMP" />
    </table>

</database>