<!--

    Licensed to JumpMind Inc under one or more contributor
    license agreements.  See the NOTICE file distributed
    with this work for additional information regarding
    copyright ownership.  JumpMind Inc licenses this file
    to you under the GNU General Public License, version 3.0 (GPLv3)
    (the "License"); you may not use this file except in compliance
    with the License.

    You should have received a copy of the GNU General Public License,
    version 3.0 (GPLv3) along with this library; if not, see
    <http://www.gnu.org/licenses/>.

    Unless required by applicable law or agreed to in writing,
    software distributed under the License is distributed on an
    "AS IS" BASIS, WITHOUT WARRANTIES OR CONDITIONS OF ANY
    KIND, either express or implied.  See the License for the
    specific language governing permissions and limitations
    under the License.

-->
<database name="testdb">
    <table name="test_db_import_1">
        <column name="id" type="INTEGER" required="true" primaryKey="true" />
        <column name="string_value" type="VARCHAR" size="50" />
        <column name="string_required_value" type="VARCHAR" size="50" required="true" />
        <column name="char_value" type="CHAR" size="50" />
        <column name="char_required_value" type="CHAR" size="50" required="true" />
        <column name="date_value" type="DATE" />
        <column name="time_value" type="TIMESTAMP" />
        <column name="boolean_value" type="BOOLEANINT" size="1" />
        <column name="integer_value" type="INTEGER" />
        <column name="decimal_value" type="DECIMAL" size="10,2" />
        <column name="double_value" type="DOUBLE" />
        <index name="idx_tst_db_imprt_1">
            <index-column name="id" />
            <index-column name="string_value" />
        </index>
        <unique name="idx_tst_db_imprt_uq">
            <unique-column name="string_required_value" />
        </unique>
    </table>
    <table_data name="test_db_import_1">
        <row>
            <field name="id">100</field>
            <field name="string_value">This is a test</field>
            <field name="string_required_value">This must be here for 100</field>
            <field name="char_required_value">This must be here</field>
            <field name="char_value">T</field>
            <field name="date_value">2014-01-18 14:29:47</field>
            <field name="time_value">2014-01-18 14:29:47</field>
            <field name="boolean_value">1</field>
            <field name="integer_value">31415</field>
            <field name="decimal_value">3.1415</field>
            <field name="double_value">3.1415</field>
        </row>     
        <row>
            <field name="id">3</field>
            <field name="string_value">abc</field>
            <field name="string_required_value">This must be here for 3</field>
            <field name="char_required_value">This must be here</field>
            <field name="char_value">T</field>
            <field name="date_value">2012-01-18 14:29:47</field>
            <field name="time_value">2012-01-18 14:29:47</field>
            <field name="boolean_value">0</field>
            <field name="integer_value">31415</field>
            <field name="decimal_value">3.1415</field>
            <field name="double_value">3.1415</field>
        </row>
        <row>
            <field name="id">1</field>
            <field name="string_value">This is a test</field>
            <field name="string_required_value">This must be here for 1</field>
            <field name="char_required_value">This must be here</field>
            <field name="char_value">T</field>
            <field name="date_value">2014-01-18 14:29:47</field>
            <field name="time_value">2014-01-18 14:29:47</field>
            <field name="boolean_value">1</field>
            <field name="integer_value">31415</field>
            <field name="decimal_value">3.1415</field>
            <field name="double_value">3.1415</field>
        </row>            
    </table_data>
</database>