<!--

    Licensed to JumpMind Inc under one or more contributor
    license agreements.  See the NOTICE file distributed
    with this work for additional information regarding
    copyright ownership.  JumpMind Inc licenses this file
    to you under the GNU General Public License, version 3.0 (GPLv3)
    (the "License"); you may not use this file except in compliance
    with the License.

    You should have received a copy of the GNU General Public License,
    version 3.0 (GPLv3) along with this library; if not, see
    <http://www.gnu.org/licenses/>.

    Unless required by applicable law or agreed to in writing,
    software distributed under the License is distributed on an
    "AS IS" BASIS, WITHOUT WARRANTIES OR CONDITIONS OF ANY
    KIND, either express or implied.  See the License for the
    specific language governing permissions and limitations
    under the License.

-->
<batch id="test" nodeid="me" binary="HEX">
    <row entity="test_db_import_1" dml="I">
        <data key="id">3</data>
        <data key="string_value">abc</data>
        <data key="string_required_value">This must be here for 3</data>
        <data key="char_required_value">This must be here</data>
        <data key="char_value">T</data>
        <data key="date_value">2012-01-18 14:29:47</data>
        <data key="time_value">2012-01-18 14:29:47</data>
        <data key="boolean_value">0</data>
        <data key="integer_value">31415</data>
        <data key="decimal_value">3.1415</data>
        <data key="double_value">3.1415</data>
    </row>   
    <row entity="test_db_import_1" dml="I">
        <data key="id">1</data>
        <data key="string_value">This is a test</data>
        <data key="string_required_value">This must be here for 1</data>
        <data key="char_required_value">This must be here</data>                
        <data key="char_value">T</data>
        <data key="date_value">2014-01-18 14:29:47</data>
        <data key="time_value">2014-01-18 14:29:47</data>
        <data key="boolean_value">1</data>
        <data key="integer_value">31415</data>
        <data key="decimal_value">3.1415</data>
        <data key="double_value">3.1415</data>
    </row> 
</batch>