<?xml version="1.0"?>
<!DOCTYPE database SYSTEM "http://db.apache.org/torque/dtd/database.dtd">

<database name="testdb">

    <table name="test_db_import_1">
        <column name="id" type="INTEGER" required="true" 
            primaryKey="true" />    
        <column name="string_value" type="VARCHAR" size="50" />
        <column name="string_required_value" type="VARCHAR" size="50"
            required="true" />
        <column name="char_value" type="CHAR" size="50" />
        <column name="char_required_value" type="CHAR" size="50"
            required="true" />
        <column name="date_value" type="DATE" />
        <column name="time_value" type="TIMESTAMP" />
        <column name="boolean_value" type="BIT" size="1" />
        <column name="integer_value" type="INTEGER" />
        <column name="decimal_value" type="DECIMAL" size="10,2" />
        <column name="double_value" type="DOUBLE" />
        <index name="idx_tst_db_imprt_1">
            <index-column name="id"/>        
            <index-column name="string_value"/>
        </index>
        <unique name="idx_tst_db_imprt_uq">   
            <unique-column name="string_required_value"/>
        </unique>        
                
    </table>
    
</database>