<?xml version="1.0"?>
<database name="testdb">
    <table name="a">
        <column name="id" type="INTEGER" required="true" primaryKey="true" />
        <column name="string_value" type="VARCHAR" size="50" />
    </table>
    <table_data name="a">
        <row>
            <field name="id">1</field>
            <field name="string_value">This is a test of a</field>
        </row>
        <row>
            <field name="id">2</field>
            <field name="string_value">This is a test of a</field>
        </row>
    </table_data>
    <table name="b">
        <column name="id" type="INTEGER" required="true" primaryKey="true" />
        <column name="string_value" type="VARCHAR" size="50" />
    </table>
    <table_data name="b">
        <row>
            <field name="id">1</field>
            <field name="string_value">This is a test of b</field>
        </row>
        <row>
            <field name="id">2</field>
            <field name="string_value">This is a test of b</field>
        </row>
        <row>
            <field name="id">3</field>
            <field name="string_value">This is line 3 of b</field>
        </row>        
    </table_data>
    <table name="c">
        <column name="id" type="INTEGER" required="true" primaryKey="true" />
        <column name="string_value" type="VARCHAR" size="50" />
    </table>
    <table_data name="c">
        <row>
            <field name="id">1</field>
            <field name="string_value">This is a test of c</field>
        </row>
        <row>
            <field name="id">2</field>
            <field name="string_value">This is a test of c</field>
        </row>
    </table_data>
</database>