<?xml version="1.0"?>
<!--

    Licensed to JumpMind Inc under one or more contributor
    license agreements.  See the NOTICE file distributed
    with this work for additional information regarding
    copyright ownership.  JumpMind Inc licenses this file
    to you under the GNU General Public License, version 3.0 (GPLv3)
    (the "License"); you may not use this file except in compliance
    with the License.

    You should have received a copy of the GNU General Public License,
    version 3.0 (GPLv3) along with this library; if not, see
    <http://www.gnu.org/licenses/>.

    Unless required by applicable law or agreed to in writing,
    software distributed under the License is distributed on an
    "AS IS" BASIS, WITHOUT WARRANTIES OR CONDITIONS OF ANY
    KIND, either express or implied.  See the License for the
    specific language governing permissions and limitations
    under the License.

-->
<!DOCTYPE database SYSTEM "http://db.apache.org/torque/dtd/database.dtd">

<database name="testdb">

	<table name="test_very_long_table_name_1234">
		<column name="id" type="VARCHAR" size="100" required="true"
			primaryKey="true" />
	</table>
	
	<table name="test_extract_table">
		<column name="id" type="INTEGER" required="true" primaryKey="true" />
		<column name="varchar_value" type="VARCHAR" size="255" />
		<column name="longvarchar_value" type="LONGVARCHAR" />
		<column name="timestamp_value" type="TIMESTAMP" />
		<column name="date_value" type="DATE" />
		<column name="bit_value" type="BIT" size="1" />
		<column name="bigint_value" type="BIGINT" />
		<column name="decimal_value" type="DECIMAL" />
	</table>	

	<table name="test_triggers_table">
		<column name="id" type="INTEGER" required="true" autoIncrement="true"
			primaryKey="true" />
		<column name="string_one_value" type="VARCHAR" size="50" />
		<column name="string_two_value" type="VARCHAR" size="255" />
		<column name="long_string_value" type="VARCHAR" size="255" />
		<column name="time_value" type="TIMESTAMP" />
		<column name="date_value" type="DATE" />
		<column name="boolean_value" type="BIT" size="1" />
		<column name="bigint_value" type="BIGINT" />
		<column name="decimal_value" type="DECIMAL" />
	</table>

	<table name="test_dataloader_table">
		<column name="string_value" type="VARCHAR" size="50" />
		<column name="string_required_value" type="VARCHAR" size="50"
			required="true" />
		<column name="char_value" type="CHAR" size="50" />
		<column name="char_required_value" type="CHAR" size="50"
			required="true" />
		<column name="date_value" type="DATE" />
		<column name="id" type="INTEGER" required="true" autoIncrement="true"
			primaryKey="true" />
		<column name="time_value" type="TIMESTAMP" />
		<column name="boolean_value" type="BIT" size="1" />
		<column name="integer_value" type="INTEGER" />
		<column name="decimal_value" type="DECIMAL" size="10,2" />
		<column name="double_value" type="DOUBLE" />
	</table>

	<table name="test_order_header">
		<column name="order_id" type="VARCHAR" size="50" primaryKey="true"
			required="true" />
		<column name="customer_id" type="INTEGER" required="true" />
		<column name="status" type="CHAR" size="1" />
		<column name="deliver_date" type="DATE" />
	</table>

	<table name="test_column_mapping">
		<column name="id" type="VARCHAR" size="50" primaryKey="true"
			required="true" />
		<column name="column1" type="VARCHAR" size="50" />
		<column name="column2" type="VARCHAR" size="50" />
		<column name="field1" type="INTEGER" />
		<column name="time1" type="TIMESTAMP" />
		<column name="another_id_column" type="VARCHAR" size="50" />
	</table>

	<table name="test_order_detail">
		<column name="order_id" type="VARCHAR" size="50" primaryKey="true"
			required="true" />
		<column name="line_number" type="INTEGER" required="true"
			primaryKey="true" />
		<column name="item_type" type="CHAR" size="5" required="true" />
		<column name="item_id" type="VARCHAR" size="20" required="true" />
		<column name="quantity" type="INTEGER" />
		<column name="price" type="DECIMAL" size="10,2" />
	</table>

	<table name="test_store_status">
		<column name="store_id" type="CHAR" size="5" primaryKey="true"
			required="true" />
		<column name="register_id" type="CHAR" size="3" primaryKey="true"
			required="true" />
		<column name="status" type="INTEGER" />
	</table>

	<table name="test_key_word">
		<column name="id" type="INTEGER" primaryKey="true" required="true" />
	</table>

	<table name="test_customer">
		<column name="customer_id" type="INTEGER" primaryKey="true"
			required="true" />
		<column name="name" type="VARCHAR" size="50" required="true" />
		<column name="is_active" type="BOOLEANCHAR" size="1" />
		<column name="status" type="VARCHAR" size="20" />
		<column name="address" type="VARCHAR" size="50" required="true" />
		<column name="city" type="VARCHAR" size="50" required="true" />
		<column name="state" type="VARCHAR" size="50" required="true" />
		<column name="zip" type="INTEGER" />
		<column name="entry_timestamp" type="TIMESTAMP" />
		<column name="entry_time" type="TIME" />
		<column name="notes" type="CLOB" />
		<column name="icon" type="BLOB" />
	</table>

	<table name="test_use_stream_lob">
		<column name="test_id" type="INTEGER" primaryKey="true"
			required="true" />
		<column name="test_clob" type="CLOB" />
		<column name="test_blob" type="BLOB" />
		<column name="test_varbinary" type="VARBINARY" />
		<column name="test_binary" type="BINARY" />
		<column name="test_longvarchar" type="LONGVARCHAR" />
		<column name="test_longvarbinary" type="LONGVARBINARY" />
	</table>

	<table name="test_use_capture_lob">
		<column name="test_id" type="INTEGER" primaryKey="true"
			required="true" />
		<column name="test_clob" type="CLOB" />
		<column name="test_blob" type="BLOB" />
		<column name="test_varbinary" type="VARBINARY" />
		<column name="test_binary" type="BINARY" />
		<column name="test_longvarchar" type="LONGVARCHAR" />
		<column name="test_longvarbinary" type="LONGVARBINARY" />
	</table>

	<table name="one_column_table">
		<column name="my_one_column" type="INTEGER" primaryKey="true"
			required="true" />
	</table>

	<table name="no_primary_key_table">
		<column name="one_column" type="INTEGER" required="true" />
		<column name="two_column" type="INTEGER" required="true" />
		<column name="three_column" type="VARCHAR" size="50" required="true" />
	</table>

	<table name="init_load_from_client_table">
		<column name="id" type="INTEGER" primaryKey="true" required="true" />
		<column name="data" type="VARCHAR" size="10" />
	</table>

	<table name="test_sync_incoming_batch">
		<column name="id" type="INTEGER" primaryKey="true" required="true" />
		<column name="data" type="VARCHAR" size="10" />
	</table>

	<table name="test_sync_column_level">
		<column name="id" type="INTEGER" primaryKey="true" required="true" />
		<column name="string_value" type="VARCHAR" size="50" />
		<column name="time_value" type="TIMESTAMP" />
		<column name="date_value" type="DATE" />
		<column name="bigint_value" type="BIGINT" />
		<column name="decimal_value" type="DECIMAL" size="10,2" />
	</table>

	<table name="TEST_ALL_CAPS">
		<column name="ALL_CAPS_ID" type="INTEGER" primaryKey="true"
			required="true" />
		<column name="NAME" type="VARCHAR" size="50" required="true" />
	</table>

	<table name="Test_Mixed_Case">
		<column name="Mixed_Case_Id" type="INTEGER" primaryKey="true"
			required="true" />
		<column name="Name" type="VARCHAR" size="50" required="true" />
	</table>

	<table name="test_xml_publisher">
		<column name="id1" type="INTEGER" primaryKey="true" required="true" />
		<column name="id2" type="INTEGER" required="true" />
		<column name="data1" type="VARCHAR" size="10" />
		<column name="data2" type="INTEGER" />
		<column name="data3" type="TIMESTAMP" />
	</table>

	<table name="test_add_dl_table_1">
		<column name="pk1" type="VARCHAR" size="100" primaryKey="true"
			required="true" />
		<column name="pk2" type="VARCHAR" size="100" primaryKey="true"
			required="true" />
		<column name="add1" type="DECIMAL" size="10" />
		<column name="add2" type="DECIMAL" size="10,2" />
		<column name="add3" type="INTEGER" />
		<column name="ovr1" type="DECIMAL" size="10,2" />
		<column name="ovr2" type="INTEGER" />
		<column name="ovr3" type="VARCHAR" size="10" />
		<column name="nada1" type="INTEGER" />
	</table>

	<table name="test_add_dl_table_2">
		<column name="pk1" type="VARCHAR" size="100" primaryKey="true"
			required="true" />
		<column name="add1" type="DECIMAL" size="10" />
	</table>

	<table name="test_target_table_a">
		<column name="id_field" type="VARCHAR" size="100" primaryKey="true"
			required="true" />
		<column name="desc_field" type="VARCHAR" />
	</table>

	<table name="test_target_table_b">
		<column name="id_field" type="VARCHAR" size="100" primaryKey="true"
			required="true" />
		<column name="desc_field" type="VARCHAR" />
	</table>

	<table name="test_changing_column_name">
		<column name="id1" type="VARCHAR" size="100" primaryKey="true"
			required="true" />
		<column name="test" type="DECIMAL" size="10" />
	</table>

	<table name="test_routing_data_1">
		<column name="pk" type="INTEGER" primaryKey="true"
			autoIncrement="true" required="true" />
		<column name="routing_int" type="INTEGER" />
		<column name="routing_varchar" type="VARCHAR" size="10" />
		<column name="data_blob" type="BLOB" />
		<column name="my_time" type="TIMESTAMP" />
	</table>

	<table name="test_routing_data_2">
		<column name="pk" type="INTEGER" primaryKey="true"
			autoIncrement="true" required="true" />
		<column name="routing_int" type="INTEGER" />
		<column name="routing_varchar" type="VARCHAR" size="10" />
		<column name="data_blob" type="BLOB" />
		<column name="my_time" type="TIMESTAMP" />
	</table>

	<table name="test_routing_data_subtable">
		<column name="pk" type="INTEGER" primaryKey="true"
			autoIncrement="true" required="true" />
		<column name="fk" type="INTEGER" />
	</table>

	<table name="test_lookup_table">
		<column name="column_one" type="VARCHAR" size="10" />
		<column name="column_two" type="VARCHAR" size="10" />
	</table>

	<table name="TEST_TRANSFORM_A">
		<column name="ID_A" type="INTEGER" required="true"
			autoIncrement="true" primaryKey="true" />
		<column name="S1_A" type="VARCHAR" size="50" />
		<column name="S2_A" type="VARCHAR" size="255" />
		<column name="LONGSTRING_A" type="LONGVARCHAR" />
		<column name="TIME_A" type="TIMESTAMP" />
		<column name="DATE_A" type="DATE" />
		<column name="BOOLEAN_A" type="BIT" size="1" />
		<column name="BIGINT_A" type="BIGINT" />
		<column name="DECIMAL_A" type="DECIMAL" />
	</table>

	<table name="TEST_TRANSFORM_B">
		<column name="ID_B" type="INTEGER" required="true"
			autoIncrement="true" primaryKey="true" />
		<column name="S1_B" type="VARCHAR" size="50" />
		<column name="S2_B" type="VARCHAR" size="255" />
		<column name="LONGSTRING_B" type="LONGVARCHAR" />
		<column name="TIME_B" type="TIMESTAMP" />
		<column name="DATE_B" type="DATE" />
		<column name="BOOLEAN_B" type="BIT" size="1" />
		<column name="BIGINT_B" type="BIGINT" />
		<column name="DECIMAL_B" type="DECIMAL" />
	</table>

	<table name="TEST_TRANSFORM_C">
		<column name="ID_C" type="INTEGER" required="true"
			autoIncrement="true" primaryKey="true" />
		<column name="S1_C" type="VARCHAR" size="50" />
		<column name="S2_C" type="VARCHAR" size="255" />
		<column name="LONGSTRING_C" type="LONGVARCHAR" />
		<column name="TIME_C" type="TIMESTAMP" />
		<column name="DATE_C" type="DATE" />
		<column name="BOOLEAN_C" type="BIT" size="1" />
		<column name="BIGINT_C" type="BIGINT" />
		<column name="DECIMAL_C" type="DECIMAL" />
	</table>
	
	<table name="TEST_TRANSFORM_D">
		<column name="ID_D" type="INTEGER" required="true"
			autoIncrement="true" primaryKey="true" />
		<column name="S1_D" type="VARCHAR" size="50" />
		<column name="S2_D" type="VARCHAR" size="255" />
		<column name="LONGSTRING_D" type="LONGVARCHAR" />
		<column name="TIME_D" type="TIMESTAMP" />
		<column name="DATE_D" type="DATE" />
		<column name="BOOLEAN_D" type="BIT" size="1" />
		<column name="BIGINT_D" type="BIGINT" />
		<column name="DECIMAL_D" type="DECIMAL" />
	</table>	


</database>